<?xml version="1.0" encoding="UTF-8"?>
<!-- Generated by org.testng.reporters.JUnitReportReporter -->
<testsuite hostname="LAPTOP-52HQ09C9" failures="0" tests="2" name="test.day1" time="0.002" errors="0" timestamp="2023-05-27T12:59:30 CDT" skipped="0">
  <testcase classname="test.day1" name="secondTest" time="0.001"/>
  <system-out/>
  <testcase classname="test.day1" name="demo" time="0.001"/>
  <system-out/>
</testsuite> <!-- test.day1 -->
